{"C:\\Users\\makss\\Desktop\\Projects\\global-back-services\\src\\helpers\\fallbackCopyToClipboard.ts": {"path":"C:\\Users\\makss\\Desktop\\Projects\\global-back-services\\src\\helpers\\fallbackCopyToClipboard.ts","statementMap":{"0":{"start":{"line":1,"column":32},"end":{"line":24,"column":1}},"1":{"start":{"line":2,"column":19},"end":{"line":2,"column":53}},"2":{"start":{"line":3,"column":2},"end":{"line":3,"column":24}},"3":{"start":{"line":4,"column":2},"end":{"line":4,"column":36}},"4":{"start":{"line":5,"column":2},"end":{"line":5,"column":27}},"5":{"start":{"line":6,"column":2},"end":{"line":6,"column":28}},"6":{"start":{"line":8,"column":2},"end":{"line":8,"column":38}},"7":{"start":{"line":9,"column":2},"end":{"line":9,"column":19}},"8":{"start":{"line":10,"column":2},"end":{"line":10,"column":20}},"9":{"start":{"line":12,"column":2},"end":{"line":21,"column":3}},"10":{"start":{"line":13,"column":23},"end":{"line":13,"column":51}},"11":{"start":{"line":14,"column":4},"end":{"line":16,"column":5}},"12":{"start":{"line":15,"column":6},"end":{"line":15,"column":46}},"13":{"start":{"line":18,"column":4},"end":{"line":20,"column":5}},"14":{"start":{"line":19,"column":6},"end":{"line":19,"column":33}},"15":{"start":{"line":23,"column":2},"end":{"line":23,"column":38}}},"fnMap":{"0":{"name":"(anonymous_0)","decl":{"start":{"line":1,"column":32},"end":{"line":1,"column":33}},"loc":{"start":{"line":1,"column":56},"end":{"line":24,"column":1}},"line":1}},"branchMap":{"0":{"loc":{"start":{"line":14,"column":4},"end":{"line":16,"column":5}},"type":"if","locations":[{"start":{"line":14,"column":4},"end":{"line":16,"column":5}},{"start":{},"end":{}}],"line":14},"1":{"loc":{"start":{"line":18,"column":4},"end":{"line":20,"column":5}},"type":"if","locations":[{"start":{"line":18,"column":4},"end":{"line":20,"column":5}},{"start":{},"end":{}}],"line":18}},"s":{"0":4,"1":3,"2":3,"3":3,"4":3,"5":3,"6":3,"7":3,"8":3,"9":3,"10":3,"11":2,"12":1,"13":2,"14":2,"15":3},"f":{"0":3},"b":{"0":[1,1],"1":[2,0]},"_coverageSchema":"1a1c01bbd47fc00a2c39e90264f33305004495a9","hash":"c04374bb03a1c1b33176e861903d84eb0326c9a9"}
,"C:\\Users\\makss\\Desktop\\Projects\\global-back-services\\src\\helpers\\getRGBComponents.ts": {"path":"C:\\Users\\makss\\Desktop\\Projects\\global-back-services\\src\\helpers\\getRGBComponents.ts","statementMap":{"0":{"start":{"line":3,"column":25},"end":{"line":15,"column":1}},"1":{"start":{"line":4,"column":16},"end":{"line":4,"column":59}},"2":{"start":{"line":5,"column":16},"end":{"line":5,"column":34}},"3":{"start":{"line":6,"column":2},"end":{"line":8,"column":3}},"4":{"start":{"line":7,"column":4},"end":{"line":7,"column":16}},"5":{"start":{"line":9,"column":22},"end":{"line":9,"column":27}},"6":{"start":{"line":10,"column":2},"end":{"line":14,"column":4}}},"fnMap":{"0":{"name":"(anonymous_0)","decl":{"start":{"line":3,"column":25},"end":{"line":3,"column":26}},"loc":{"start":{"line":3,"column":66},"end":{"line":15,"column":1}},"line":3}},"branchMap":{"0":{"loc":{"start":{"line":6,"column":2},"end":{"line":8,"column":3}},"type":"if","locations":[{"start":{"line":6,"column":2},"end":{"line":8,"column":3}},{"start":{},"end":{}}],"line":6}},"s":{"0":4,"1":10,"2":10,"3":10,"4":2,"5":8,"6":8},"f":{"0":10},"b":{"0":[2,8]},"_coverageSchema":"1a1c01bbd47fc00a2c39e90264f33305004495a9","hash":"40e53601da4f89db9178400d76e6a48c4894715e"}
,"C:\\Users\\makss\\Desktop\\Projects\\global-back-services\\src\\helpers\\index.ts": {"path":"C:\\Users\\makss\\Desktop\\Projects\\global-back-services\\src\\helpers\\index.ts","statementMap":{},"fnMap":{},"branchMap":{},"s":{},"f":{},"b":{},"_coverageSchema":"1a1c01bbd47fc00a2c39e90264f33305004495a9","hash":"f93643808a13520157c97da630a2a8711d9e453f"}
,"C:\\Users\\makss\\Desktop\\Projects\\global-back-services\\src\\helpers\\process.ts": {"path":"C:\\Users\\makss\\Desktop\\Projects\\global-back-services\\src\\helpers\\process.ts","statementMap":{"0":{"start":{"line":2,"column":33},"end":{"line":2,"column":59}},"1":{"start":{"line":4,"column":33},"end":{"line":4,"column":60}},"2":{"start":{"line":5,"column":30},"end":{"line":5,"column":67}},"3":{"start":{"line":6,"column":31},"end":{"line":6,"column":68}}},"fnMap":{},"branchMap":{},"s":{"0":3,"1":3,"2":3,"3":3},"f":{},"b":{},"_coverageSchema":"1a1c01bbd47fc00a2c39e90264f33305004495a9","hash":"45c684a274384ec3614fb218d8b3aef364689c78"}
,"C:\\Users\\makss\\Desktop\\Projects\\global-back-services\\src\\helpers\\url.ts": {"path":"C:\\Users\\makss\\Desktop\\Projects\\global-back-services\\src\\helpers\\url.ts","statementMap":{"0":{"start":{"line":1,"column":29},"end":{"line":4,"column":1}},"1":{"start":{"line":2,"column":23},"end":{"line":2,"column":61}},"2":{"start":{"line":3,"column":2},"end":{"line":3,"column":70}}},"fnMap":{"0":{"name":"(anonymous_0)","decl":{"start":{"line":1,"column":29},"end":{"line":1,"column":30}},"loc":{"start":{"line":1,"column":69},"end":{"line":4,"column":1}},"line":1}},"branchMap":{"0":{"loc":{"start":{"line":3,"column":9},"end":{"line":3,"column":69}},"type":"cond-expr","locations":[{"start":{"line":3,"column":35},"end":{"line":3,"column":64}},{"start":{"line":3,"column":67},"end":{"line":3,"column":69}}],"line":3},"1":{"loc":{"start":{"line":3,"column":35},"end":{"line":3,"column":64}},"type":"binary-expr","locations":[{"start":{"line":3,"column":35},"end":{"line":3,"column":58}},{"start":{"line":3,"column":62},"end":{"line":3,"column":64}}],"line":3}},"s":{"0":4,"1":6,"2":6},"f":{"0":6},"b":{"0":[4,2],"1":[4,0]},"_coverageSchema":"1a1c01bbd47fc00a2c39e90264f33305004495a9","hash":"98af269eade548c0f63454fa27d1760497c399b5"}
,"C:\\Users\\makss\\Desktop\\Projects\\global-back-services\\src\\utils\\applyModifiers.ts": {"path":"C:\\Users\\makss\\Desktop\\Projects\\global-back-services\\src\\utils\\applyModifiers.ts","statementMap":{"0":{"start":{"line":3,"column":23},"end":{"line":40,"column":1}},"1":{"start":{"line":7,"column":2},"end":{"line":9,"column":3}},"2":{"start":{"line":8,"column":4},"end":{"line":8,"column":14}},"3":{"start":{"line":11,"column":33},"end":{"line":11,"column":54}},"4":{"start":{"line":13,"column":31},"end":{"line":37,"column":4}},"5":{"start":{"line":14,"column":32},"end":{"line":14,"column":45}},"6":{"start":{"line":15,"column":30},"end":{"line":15,"column":57}},"7":{"start":{"line":17,"column":4},"end":{"line":34,"column":7}},"8":{"start":{"line":18,"column":6},"end":{"line":30,"column":7}},"9":{"start":{"line":20,"column":10},"end":{"line":22,"column":31}},"10":{"start":{"line":23,"column":10},"end":{"line":23,"column":16}},"11":{"start":{"line":25,"column":10},"end":{"line":25,"column":50}},"12":{"start":{"line":26,"column":10},"end":{"line":26,"column":16}},"13":{"start":{"line":28,"column":10},"end":{"line":28,"column":50}},"14":{"start":{"line":29,"column":10},"end":{"line":29,"column":16}},"15":{"start":{"line":32,"column":6},"end":{"line":33,"column":56}},"16":{"start":{"line":33,"column":8},"end":{"line":33,"column":56}},"17":{"start":{"line":36,"column":4},"end":{"line":36,"column":23}},"18":{"start":{"line":39,"column":2},"end":{"line":39,"column":29}}},"fnMap":{"0":{"name":"(anonymous_0)","decl":{"start":{"line":3,"column":23},"end":{"line":3,"column":24}},"loc":{"start":{"line":6,"column":13},"end":{"line":40,"column":1}},"line":6},"1":{"name":"(anonymous_1)","decl":{"start":{"line":13,"column":48},"end":{"line":13,"column":49}},"loc":{"start":{"line":13,"column":64},"end":{"line":37,"column":3}},"line":13},"2":{"name":"(anonymous_2)","decl":{"start":{"line":17,"column":22},"end":{"line":17,"column":23}},"loc":{"start":{"line":17,"column":39},"end":{"line":34,"column":5}},"line":17}},"branchMap":{"0":{"loc":{"start":{"line":7,"column":2},"end":{"line":9,"column":3}},"type":"if","locations":[{"start":{"line":7,"column":2},"end":{"line":9,"column":3}},{"start":{},"end":{}}],"line":7},"1":{"loc":{"start":{"line":18,"column":6},"end":{"line":30,"column":7}},"type":"switch","locations":[{"start":{"line":19,"column":8},"end":{"line":23,"column":16}},{"start":{"line":24,"column":8},"end":{"line":26,"column":16}},{"start":{"line":27,"column":8},"end":{"line":29,"column":16}}],"line":18},"2":{"loc":{"start":{"line":32,"column":6},"end":{"line":33,"column":56}},"type":"if","locations":[{"start":{"line":32,"column":6},"end":{"line":33,"column":56}},{"start":{},"end":{}}],"line":32},"3":{"loc":{"start":{"line":32,"column":10},"end":{"line":32,"column":71}},"type":"binary-expr","locations":[{"start":{"line":32,"column":10},"end":{"line":32,"column":25}},{"start":{"line":32,"column":29},"end":{"line":32,"column":71}}],"line":32}},"s":{"0":1,"1":11,"2":2,"3":9,"4":9,"5":31,"6":31,"7":31,"8":20,"9":5,"10":5,"11":5,"12":5,"13":5,"14":5,"15":20,"16":2,"17":31,"18":9},"f":{"0":11,"1":31,"2":20},"b":{"0":[2,9],"1":[5,5,5],"2":[2,18],"3":[20,6]},"_coverageSchema":"1a1c01bbd47fc00a2c39e90264f33305004495a9","hash":"4de1ee12d0d1af26725962c6bdc5897d9c9aaf32"}
,"C:\\Users\\makss\\Desktop\\Projects\\global-back-services\\src\\utils\\copyToClipboard.ts": {"path":"C:\\Users\\makss\\Desktop\\Projects\\global-back-services\\src\\utils\\copyToClipboard.ts","statementMap":{"0":{"start":{"line":3,"column":24},"end":{"line":14,"column":1}},"1":{"start":{"line":4,"column":2},"end":{"line":13,"column":3}},"2":{"start":{"line":5,"column":4},"end":{"line":8,"column":5}},"3":{"start":{"line":6,"column":6},"end":{"line":6,"column":36}},"4":{"start":{"line":7,"column":6},"end":{"line":7,"column":13}},"5":{"start":{"line":9,"column":4},"end":{"line":9,"column":46}},"6":{"start":{"line":11,"column":4},"end":{"line":11,"column":55}},"7":{"start":{"line":12,"column":4},"end":{"line":12,"column":34}}},"fnMap":{"0":{"name":"(anonymous_0)","decl":{"start":{"line":3,"column":24},"end":{"line":3,"column":25}},"loc":{"start":{"line":3,"column":63},"end":{"line":14,"column":1}},"line":3}},"branchMap":{"0":{"loc":{"start":{"line":5,"column":4},"end":{"line":8,"column":5}},"type":"if","locations":[{"start":{"line":5,"column":4},"end":{"line":8,"column":5}},{"start":{},"end":{}}],"line":5}},"s":{"0":2,"1":2,"2":2,"3":0,"4":0,"5":2,"6":1,"7":1},"f":{"0":2},"b":{"0":[0,2]},"_coverageSchema":"1a1c01bbd47fc00a2c39e90264f33305004495a9","hash":"26dbc81999d6ff17e494c502941aa431292eaff6"}
,"C:\\Users\\makss\\Desktop\\Projects\\global-back-services\\src\\utils\\getTags.ts": {"path":"C:\\Users\\makss\\Desktop\\Projects\\global-back-services\\src\\utils\\getTags.ts","statementMap":{"0":{"start":{"line":27,"column":2},"end":{"line":27,"column":29}},"1":{"start":{"line":27,"column":19},"end":{"line":27,"column":29}},"2":{"start":{"line":28,"column":2},"end":{"line":30,"column":3}},"3":{"start":{"line":29,"column":4},"end":{"line":29,"column":55}},"4":{"start":{"line":31,"column":2},"end":{"line":31,"column":24}},"5":{"start":{"line":35,"column":23},"end":{"line":35,"column":25}},"6":{"start":{"line":37,"column":2},"end":{"line":102,"column":5}},"7":{"start":{"line":38,"column":4},"end":{"line":62,"column":5}},"8":{"start":{"line":44,"column":6},"end":{"line":61,"column":9}},"9":{"start":{"line":45,"column":8},"end":{"line":45,"column":49}},"10":{"start":{"line":45,"column":42},"end":{"line":45,"column":49}},"11":{"start":{"line":46,"column":8},"end":{"line":60,"column":11}},"12":{"start":{"line":47,"column":10},"end":{"line":59,"column":11}},"13":{"start":{"line":48,"column":12},"end":{"line":58,"column":15}},"14":{"start":{"line":64,"column":4},"end":{"line":101,"column":5}},"15":{"start":{"line":70,"column":25},"end":{"line":70,"column":31}},"16":{"start":{"line":71,"column":34},"end":{"line":71,"column":40}},"17":{"start":{"line":73,"column":6},"end":{"line":85,"column":7}},"18":{"start":{"line":74,"column":21},"end":{"line":74,"column":74}},"19":{"start":{"line":76,"column":8},"end":{"line":84,"column":24}},"20":{"start":{"line":87,"column":6},"end":{"line":100,"column":7}},"21":{"start":{"line":88,"column":21},"end":{"line":88,"column":74}},"22":{"start":{"line":90,"column":8},"end":{"line":99,"column":24}},"23":{"start":{"line":104,"column":2},"end":{"line":104,"column":14}}},"fnMap":{"0":{"name":"getFormat","decl":{"start":{"line":26,"column":9},"end":{"line":26,"column":18}},"loc":{"start":{"line":26,"column":68},"end":{"line":32,"column":1}},"line":26},"1":{"name":"getTags","decl":{"start":{"line":34,"column":9},"end":{"line":34,"column":16}},"loc":{"start":{"line":34,"column":44},"end":{"line":105,"column":1}},"line":34},"2":{"name":"(anonymous_2)","decl":{"start":{"line":37,"column":18},"end":{"line":37,"column":19}},"loc":{"start":{"line":37,"column":30},"end":{"line":102,"column":3}},"line":37},"3":{"name":"(anonymous_3)","decl":{"start":{"line":44,"column":28},"end":{"line":44,"column":29}},"loc":{"start":{"line":44,"column":52},"end":{"line":61,"column":7}},"line":44},"4":{"name":"(anonymous_4)","decl":{"start":{"line":46,"column":29},"end":{"line":46,"column":30}},"loc":{"start":{"line":46,"column":51},"end":{"line":60,"column":9}},"line":46}},"branchMap":{"0":{"loc":{"start":{"line":26,"column":41},"end":{"line":26,"column":58}},"type":"default-arg","locations":[{"start":{"line":26,"column":50},"end":{"line":26,"column":58}}],"line":26},"1":{"loc":{"start":{"line":27,"column":2},"end":{"line":27,"column":29}},"type":"if","locations":[{"start":{"line":27,"column":2},"end":{"line":27,"column":29}},{"start":{},"end":{}}],"line":27},"2":{"loc":{"start":{"line":28,"column":2},"end":{"line":30,"column":3}},"type":"if","locations":[{"start":{"line":28,"column":2},"end":{"line":30,"column":3}},{"start":{},"end":{}}],"line":28},"3":{"loc":{"start":{"line":38,"column":4},"end":{"line":62,"column":5}},"type":"if","locations":[{"start":{"line":38,"column":4},"end":{"line":62,"column":5}},{"start":{},"end":{}}],"line":38},"4":{"loc":{"start":{"line":39,"column":6},"end":{"line":42,"column":34}},"type":"binary-expr","locations":[{"start":{"line":39,"column":6},"end":{"line":39,"column":59}},{"start":{"line":40,"column":6},"end":{"line":40,"column":25}},{"start":{"line":41,"column":6},"end":{"line":41,"column":22}},{"start":{"line":42,"column":6},"end":{"line":42,"column":34}}],"line":39},"5":{"loc":{"start":{"line":45,"column":8},"end":{"line":45,"column":49}},"type":"if","locations":[{"start":{"line":45,"column":8},"end":{"line":45,"column":49}},{"start":{},"end":{}}],"line":45},"6":{"loc":{"start":{"line":47,"column":10},"end":{"line":59,"column":11}},"type":"if","locations":[{"start":{"line":47,"column":10},"end":{"line":59,"column":11}},{"start":{},"end":{}}],"line":47},"7":{"loc":{"start":{"line":51,"column":16},"end":{"line":53,"column":28}},"type":"cond-expr","locations":[{"start":{"line":52,"column":20},"end":{"line":52,"column":42}},{"start":{"line":53,"column":20},"end":{"line":53,"column":28}}],"line":51},"8":{"loc":{"start":{"line":64,"column":4},"end":{"line":101,"column":5}},"type":"if","locations":[{"start":{"line":64,"column":4},"end":{"line":101,"column":5}},{"start":{},"end":{}}],"line":64},"9":{"loc":{"start":{"line":65,"column":6},"end":{"line":68,"column":35}},"type":"binary-expr","locations":[{"start":{"line":65,"column":6},"end":{"line":65,"column":29}},{"start":{"line":66,"column":6},"end":{"line":66,"column":25}},{"start":{"line":67,"column":6},"end":{"line":67,"column":22}},{"start":{"line":68,"column":6},"end":{"line":68,"column":35}}],"line":65},"10":{"loc":{"start":{"line":73,"column":6},"end":{"line":85,"column":7}},"type":"if","locations":[{"start":{"line":73,"column":6},"end":{"line":85,"column":7}},{"start":{},"end":{}}],"line":73},"11":{"loc":{"start":{"line":87,"column":6},"end":{"line":100,"column":7}},"type":"if","locations":[{"start":{"line":87,"column":6},"end":{"line":100,"column":7}},{"start":{},"end":{}}],"line":87}},"s":{"0":2,"1":0,"2":2,"3":2,"4":0,"5":6,"6":6,"7":7,"8":4,"9":7,"10":4,"11":3,"12":6,"13":5,"14":7,"15":1,"16":1,"17":1,"18":1,"19":1,"20":1,"21":1,"22":1,"23":6},"f":{"0":2,"1":6,"2":7,"3":7,"4":6},"b":{"0":[0],"1":[0,2],"2":[2,0],"3":[4,3],"4":[7,6,5,4],"5":[4,3],"6":[5,1],"7":[3,2],"8":[1,6],"9":[7,1,1,1],"10":[1,0],"11":[1,0]},"_coverageSchema":"1a1c01bbd47fc00a2c39e90264f33305004495a9","hash":"27742c409f62c24b49cde29cad74408678edecd7"}
,"C:\\Users\\makss\\Desktop\\Projects\\global-back-services\\src\\utils\\idealTextColor.ts": {"path":"C:\\Users\\makss\\Desktop\\Projects\\global-back-services\\src\\utils\\idealTextColor.ts","statementMap":{"0":{"start":{"line":3,"column":23},"end":{"line":29,"column":1}},"1":{"start":{"line":8,"column":2},"end":{"line":10,"column":3}},"2":{"start":{"line":9,"column":4},"end":{"line":9,"column":22}},"3":{"start":{"line":11,"column":2},"end":{"line":20,"column":3}},"4":{"start":{"line":12,"column":4},"end":{"line":19,"column":14}},"5":{"start":{"line":21,"column":21},"end":{"line":21,"column":46}},"6":{"start":{"line":22,"column":2},"end":{"line":24,"column":3}},"7":{"start":{"line":23,"column":4},"end":{"line":23,"column":22}},"8":{"start":{"line":25,"column":21},"end":{"line":25,"column":24}},"9":{"start":{"line":27,"column":4},"end":{"line":27,"column":70}},"10":{"start":{"line":28,"column":2},"end":{"line":28,"column":72}}},"fnMap":{"0":{"name":"(anonymous_0)","decl":{"start":{"line":3,"column":23},"end":{"line":3,"column":24}},"loc":{"start":{"line":7,"column":13},"end":{"line":29,"column":1}},"line":7}},"branchMap":{"0":{"loc":{"start":{"line":5,"column":2},"end":{"line":5,"column":43}},"type":"default-arg","locations":[{"start":{"line":5,"column":23},"end":{"line":5,"column":43}}],"line":5},"1":{"loc":{"start":{"line":6,"column":2},"end":{"line":6,"column":43}},"type":"default-arg","locations":[{"start":{"line":6,"column":23},"end":{"line":6,"column":43}}],"line":6},"2":{"loc":{"start":{"line":8,"column":2},"end":{"line":10,"column":3}},"type":"if","locations":[{"start":{"line":8,"column":2},"end":{"line":10,"column":3}},{"start":{},"end":{}}],"line":8},"3":{"loc":{"start":{"line":11,"column":2},"end":{"line":20,"column":3}},"type":"if","locations":[{"start":{"line":11,"column":2},"end":{"line":20,"column":3}},{"start":{},"end":{}}],"line":11},"4":{"loc":{"start":{"line":22,"column":2},"end":{"line":24,"column":3}},"type":"if","locations":[{"start":{"line":22,"column":2},"end":{"line":24,"column":3}},{"start":{},"end":{}}],"line":22},"5":{"loc":{"start":{"line":28,"column":9},"end":{"line":28,"column":71}},"type":"cond-expr","locations":[{"start":{"line":28,"column":38},"end":{"line":28,"column":58}},{"start":{"line":28,"column":61},"end":{"line":28,"column":71}}],"line":28}},"s":{"0":2,"1":6,"2":1,"3":5,"4":0,"5":5,"6":5,"7":1,"8":4,"9":4,"10":4},"f":{"0":6},"b":{"0":[5],"1":[5],"2":[1,5],"3":[0,5],"4":[1,4],"5":[2,2]},"_coverageSchema":"1a1c01bbd47fc00a2c39e90264f33305004495a9","hash":"7e6a1ef1bd0cc70acfd5d61f22f14178ed80e266"}
,"C:\\Users\\makss\\Desktop\\Projects\\global-back-services\\src\\utils\\index.ts": {"path":"C:\\Users\\makss\\Desktop\\Projects\\global-back-services\\src\\utils\\index.ts","statementMap":{},"fnMap":{},"branchMap":{},"s":{},"f":{},"b":{},"_coverageSchema":"1a1c01bbd47fc00a2c39e90264f33305004495a9","hash":"41c852e922d4d34ec35117ebc246fed7b4ece231"}
}
