TN:
SF:src\helpers\fallbackCopyToClipboard.ts
FN:1,(anonymous_0)
FNF:1
FNH:1
FNDA:3,(anonymous_0)
DA:1,4
DA:2,3
DA:3,3
DA:4,3
DA:5,3
DA:6,3
DA:8,3
DA:9,3
DA:10,3
DA:12,3
DA:13,3
DA:14,2
DA:15,1
DA:18,2
DA:19,2
DA:23,3
LF:16
LH:16
BRDA:14,0,0,1
BRDA:14,0,1,1
BRDA:18,1,0,2
BRDA:18,1,1,0
BRF:4
BRH:3
end_of_record
TN:
SF:src\helpers\getRGBComponents.ts
FN:3,(anonymous_0)
FNF:1
FNH:1
FNDA:10,(anonymous_0)
DA:3,4
DA:4,10
DA:5,10
DA:6,10
DA:7,2
DA:9,8
DA:10,8
LF:7
LH:7
BRDA:6,0,0,2
BRDA:6,0,1,8
BRF:2
BRH:2
end_of_record
TN:
SF:src\helpers\index.ts
FNF:0
FNH:0
LF:0
LH:0
BRF:0
BRH:0
end_of_record
TN:
SF:src\helpers\process.ts
FNF:0
FNH:0
DA:2,3
DA:4,3
DA:5,3
DA:6,3
LF:4
LH:4
BRF:0
BRH:0
end_of_record
TN:
SF:src\helpers\url.ts
FN:1,(anonymous_0)
FNF:1
FNH:1
FNDA:6,(anonymous_0)
DA:1,4
DA:2,6
DA:3,6
LF:3
LH:3
BRDA:3,0,0,4
BRDA:3,0,1,2
BRDA:3,1,0,4
BRDA:3,1,1,0
BRF:4
BRH:3
end_of_record
TN:
SF:src\utils\applyModifiers.ts
FN:3,(anonymous_0)
FN:13,(anonymous_1)
FN:17,(anonymous_2)
FNF:3
FNH:3
FNDA:11,(anonymous_0)
FNDA:31,(anonymous_1)
FNDA:20,(anonymous_2)
DA:3,1
DA:7,11
DA:8,2
DA:11,9
DA:13,9
DA:14,31
DA:15,31
DA:17,31
DA:18,20
DA:20,5
DA:23,5
DA:25,5
DA:26,5
DA:28,5
DA:29,5
DA:32,20
DA:33,2
DA:36,31
DA:39,9
LF:19
LH:19
BRDA:7,0,0,2
BRDA:7,0,1,9
BRDA:18,1,0,5
BRDA:18,1,1,5
BRDA:18,1,2,5
BRDA:32,2,0,2
BRDA:32,2,1,18
BRDA:32,3,0,20
BRDA:32,3,1,6
BRF:9
BRH:9
end_of_record
TN:
SF:src\utils\copyToClipboard.ts
FN:3,(anonymous_0)
FNF:1
FNH:1
FNDA:2,(anonymous_0)
DA:3,2
DA:4,2
DA:5,2
DA:6,0
DA:7,0
DA:9,2
DA:11,1
DA:12,1
LF:8
LH:6
BRDA:5,0,0,0
BRDA:5,0,1,2
BRF:2
BRH:1
end_of_record
TN:
SF:src\utils\getTags.ts
FN:26,getFormat
FN:34,getTags
FN:37,(anonymous_2)
FN:44,(anonymous_3)
FN:46,(anonymous_4)
FNF:5
FNH:5
FNDA:2,getFormat
FNDA:6,getTags
FNDA:7,(anonymous_2)
FNDA:7,(anonymous_3)
FNDA:6,(anonymous_4)
DA:27,2
DA:28,2
DA:29,2
DA:31,0
DA:35,6
DA:37,6
DA:38,7
DA:44,4
DA:45,7
DA:46,3
DA:47,6
DA:48,5
DA:64,7
DA:70,1
DA:71,1
DA:73,1
DA:74,1
DA:76,1
DA:87,1
DA:88,1
DA:90,1
DA:104,6
LF:22
LH:21
BRDA:26,0,0,0
BRDA:27,1,0,0
BRDA:27,1,1,2
BRDA:28,2,0,2
BRDA:28,2,1,0
BRDA:38,3,0,4
BRDA:38,3,1,3
BRDA:39,4,0,7
BRDA:39,4,1,6
BRDA:39,4,2,5
BRDA:39,4,3,4
BRDA:45,5,0,4
BRDA:45,5,1,3
BRDA:47,6,0,5
BRDA:47,6,1,1
BRDA:51,7,0,3
BRDA:51,7,1,2
BRDA:64,8,0,1
BRDA:64,8,1,6
BRDA:65,9,0,7
BRDA:65,9,1,1
BRDA:65,9,2,1
BRDA:65,9,3,1
BRDA:73,10,0,1
BRDA:73,10,1,0
BRDA:87,11,0,1
BRDA:87,11,1,0
BRF:27
BRH:22
end_of_record
TN:
SF:src\utils\idealTextColor.ts
FN:3,(anonymous_0)
FNF:1
FNH:1
FNDA:6,(anonymous_0)
DA:3,2
DA:8,6
DA:9,1
DA:11,5
DA:12,0
DA:21,5
DA:22,5
DA:23,1
DA:25,4
DA:27,4
DA:28,4
LF:11
LH:10
BRDA:5,0,0,5
BRDA:6,1,0,5
BRDA:8,2,0,1
BRDA:8,2,1,5
BRDA:11,3,0,0
BRDA:11,3,1,5
BRDA:22,4,0,1
BRDA:22,4,1,4
BRDA:28,5,0,2
BRDA:28,5,1,2
BRF:10
BRH:9
end_of_record
TN:
SF:src\utils\index.ts
FNF:0
FNH:0
LF:0
LH:0
BRF:0
BRH:0
end_of_record
